Post Processor Report
OrCAD FILE: D:\UTENTI\00.LAVORI IN CORSO\METALTRONICA\22-315-0\22-315-0.MAX
Sun Feb 05 21:50:24 2023

*********************************************************

Output file: D:\UTENTI\00.LAVORI IN CORSO\METALTRONICA\22-315-0\22-315-0.TOP

Aperture totals for D:\UTENTI\00.LAVORI IN CORSO\METALTRONICA\22-315-0\22-315-0.TOP:
---------------------------------------------------------
D10:  0.1060 x 0.1180 RECTANGLE -----       2 Flashes
D11:  0.0501 x 0.0404 RECTANGLE -----      24 Flashes
D12:  0.0404 x 0.0501 RECTANGLE -----       4 Flashes
D13:  0.1260 x 0.0630 RECTANGLE -----       2 Flashes
D14:  0.0400 x 0.0710 RECTANGLE -----       4 Flashes
D15:  0.0886 x 0.0905 RECTANGLE -----      12 Flashes
D16:  0.0905 x 0.0886 RECTANGLE -----       2 Flashes
D17:  0.0380 x 0.0320 RECTANGLE -----      10 Flashes
D18:  0.0320 x 0.0380 RECTANGLE -----       4 Flashes
D19:  0.0370 SQUARE --       0 Draws,       4 Flashes
D20:  0.0430 x 0.0650 RECTANGLE -----       4 Flashes
D21:  0.0850 x 0.1080 RECTANGLE -----       2 Flashes
D22:  0.0472 SQUARE --       0 Draws,       2 Flashes
D23:  0.2756 ROUND  --       0 Draws,       1 Flashes
D24:  0.1378 ROUND  --       0 Draws,       3 Flashes
D25:  0.0905 x 0.1220 RECTANGLE -----       2 Flashes
D26:  0.0590 ROUND  --       0 Draws,      11 Flashes
D27:  0.0630 SQUARE --       0 Draws,       6 Flashes
D28:  0.0787 ROUND  --       0 Draws,       5 Flashes
D29:  0.0787 SQUARE --       0 Draws,       1 Flashes
D30:  0.0630 ROUND  --       0 Draws,       3 Flashes
D31:  0.0236 x 0.0413 RECTANGLE -----       4 Flashes
D32:  0.0187 ROUND  --       0 Draws,       2 Flashes
D33:  0.0787 x 0.0472 RECTANGLE -----       4 Flashes
D34:  0.0276 ROUND  --       0 Draws,      47 Flashes
D35:  0.0680 x 0.1580 RECTANGLE -----       1 Flashes
D36:  0.0680 x 0.0550 RECTANGLE -----       3 Flashes
D37:  0.0710 x 0.0400 RECTANGLE -----       4 Flashes
D38:  0.0630 x 0.0866 RECTANGLE -----       2 Flashes
D39:  0.1080 x 0.0850 RECTANGLE -----       4 Flashes
D40:  0.0256 x 0.0650 OBLONG    -----       8 Flashes
D41:  0.0950 x 0.1220 RECTANGLE -----       1 Flashes
D42:  0.0750 x 0.0240 RECTANGLE -----       8 Flashes
D43:  0.1181 x 0.1701 RECTANGLE -----       1 Flashes
D44:  0.0649 x 0.0177 RECTANGLE -----      24 Flashes
D45:  0.1580 x 0.0680 RECTANGLE -----       2 Flashes
D46:  0.0550 x 0.0680 RECTANGLE -----       6 Flashes
D47:  0.0800 ROUND  --       0 Draws,       3 Flashes
D48:  0.0354 x 0.0165 RECTANGLE -----       8 Flashes
D49:  0.0110 x 0.0700 OBLONG    -----      28 Flashes
D50:  0.0110 x 0.0700 RECTANGLE -----       4 Flashes
D51:  0.0700 x 0.0110 OBLONG    -----      29 Flashes
D52:  0.0700 x 0.0110 RECTANGLE -----       3 Flashes
D53:  0.0354 x 0.0512 RECTANGLE -----       4 Flashes
D54:  0.0394 x 0.0197 RECTANGLE -----       2 Flashes
D55:  0.0050 ROUND  --     126 Draws,       0 Flashes
D56:  0.0100 ROUND  --    5029 Draws,       0 Flashes
D57:  0.0120 ROUND  --      57 Draws,       0 Flashes
D58:  0.0276 ROUND  --       0 Draws,     137 Flashes
D59:  0.0080 ROUND  --     388 Draws,       0 Flashes
D60:  0.0250 ROUND  --      85 Draws,       0 Flashes
D61:  0.0150 ROUND  --      21 Draws,       0 Flashes
D62:  0.0300 ROUND  --      84 Draws,       0 Flashes
D63:  0.0170 ROUND  --       3 Draws,       0 Flashes
D64:  0.0500 ROUND  --       5 Draws,       0 Flashes
D65:  0.0060 ROUND  --      61 Draws,       0 Flashes
---------------------------------------------------------
 56 D-Codes      -----    5859 Draws,     447 Flashes

*********************************************************

Output file: D:\UTENTI\00.LAVORI IN CORSO\METALTRONICA\22-315-0\22-315-0.BOT

Aperture totals for D:\UTENTI\00.LAVORI IN CORSO\METALTRONICA\22-315-0\22-315-0.BOT:
---------------------------------------------------------
D11:  0.0501 x 0.0404 RECTANGLE -----       6 Flashes
D17:  0.0380 x 0.0320 RECTANGLE -----     132 Flashes
D23:  0.2756 ROUND  --       0 Draws,       1 Flashes
D24:  0.1378 ROUND  --       0 Draws,       3 Flashes
D26:  0.0590 ROUND  --       0 Draws,      11 Flashes
D27:  0.0630 SQUARE --       0 Draws,       6 Flashes
D28:  0.0787 ROUND  --       0 Draws,       5 Flashes
D29:  0.0787 SQUARE --       0 Draws,       1 Flashes
D30:  0.0630 ROUND  --       0 Draws,       3 Flashes
D34:  0.0276 ROUND  --       0 Draws,      45 Flashes
D37:  0.0710 x 0.0400 RECTANGLE -----       2 Flashes
D47:  0.0800 ROUND  --       0 Draws,       3 Flashes
D56:  0.0100 ROUND  --    5238 Draws,       0 Flashes
D57:  0.0120 ROUND  --      50 Draws,       0 Flashes
D58:  0.0276 ROUND  --       0 Draws,     136 Flashes
D59:  0.0080 ROUND  --     384 Draws,       0 Flashes
D60:  0.0250 ROUND  --      94 Draws,       0 Flashes
D61:  0.0150 ROUND  --      33 Draws,       0 Flashes
D62:  0.0300 ROUND  --      16 Draws,       0 Flashes
D65:  0.0060 ROUND  --      65 Draws,       0 Flashes
D66:  0.1024 x 0.0510 RECTANGLE -----       2 Flashes
D67:  0.0197 x 0.0315 RECTANGLE -----       4 Flashes
D68:  0.0500 x 0.0400 RECTANGLE -----       9 Flashes
D69:  0.0400 x 0.0500 RECTANGLE -----       9 Flashes
D70:  0.0500 x 0.0270 RECTANGLE -----       5 Flashes
D71:  0.0276 ROUND  --       0 Draws,       1 Flashes
---------------------------------------------------------
 26 D-Codes      -----    5880 Draws,     384 Flashes

*********************************************************

Output file: D:\UTENTI\00.LAVORI IN CORSO\METALTRONICA\22-315-0\22-315-0.GND

Aperture totals for D:\UTENTI\00.LAVORI IN CORSO\METALTRONICA\22-315-0\22-315-0.GND:
---------------------------------------------------------
D56:  0.0100 ROUND  --       4 Draws,       0 Flashes
D65:  0.0060 ROUND  --      20 Draws,       0 Flashes
D71:  0.0276 ROUND  --       0 Draws,      71 Flashes
D72:  0.1575 ROUND  --       0 Draws,       4 Flashes
D73:  0.0708 ROUND  --       0 Draws,       4 Flashes
D74:  0.0708 SQUARE --       0 Draws,       2 Flashes
D75:  0.1134 OD, 0.0894 ID THERMAL --       1 Flashes
D76:  0.0708 ROUND  --       0 Draws,       9 Flashes
D77:  0.0708 SQUARE --       0 Draws,       4 Flashes
D78:  0.1027 ROUND  --       0 Draws,       4 Flashes
D79:  0.1173 OD, 0.0933 ID THERMAL --       1 Flashes
D80:  0.0984 SQUARE --       0 Draws,       1 Flashes
D81:  0.1100 ROUND  --       0 Draws,       1 Flashes
D82:  0.1173 OD, 0.0933 ID THERMAL --       1 Flashes
D83:  0.1100 ROUND  --       0 Draws,       1 Flashes
D84:  0.0050 ROUND  --       0 Draws,      53 Flashes
D85:  0.0276 ROUND  --       0 Draws,      35 Flashes
D86:  0.0050 ROUND  --       0 Draws,      23 Flashes
---------------------------------------------------------
 18 D-Codes      -----      24 Draws,     215 Flashes

*********************************************************

Output file: D:\UTENTI\00.LAVORI IN CORSO\METALTRONICA\22-315-0\22-315-0.IN1

Aperture totals for D:\UTENTI\00.LAVORI IN CORSO\METALTRONICA\22-315-0\22-315-0.IN1:
---------------------------------------------------------
D24:  0.1378 ROUND  --       0 Draws,       4 Flashes
D26:  0.0590 ROUND  --       0 Draws,      11 Flashes
D27:  0.0630 SQUARE --       0 Draws,       6 Flashes
D28:  0.0787 ROUND  --       0 Draws,       5 Flashes
D29:  0.0787 SQUARE --       0 Draws,       1 Flashes
D30:  0.0630 ROUND  --       0 Draws,       3 Flashes
D34:  0.0276 ROUND  --       0 Draws,      45 Flashes
D47:  0.0800 ROUND  --       0 Draws,       3 Flashes
D56:  0.0100 ROUND  --    3810 Draws,       0 Flashes
D65:  0.0060 ROUND  --      11 Draws,       0 Flashes
D71:  0.0276 ROUND  --       0 Draws,      80 Flashes
D85:  0.0276 ROUND  --       0 Draws,      57 Flashes
---------------------------------------------------------
 12 D-Codes      -----    3821 Draws,     215 Flashes

*********************************************************

Output file: D:\UTENTI\00.LAVORI IN CORSO\METALTRONICA\22-315-0\22-315-0.SMT

Aperture totals for D:\UTENTI\00.LAVORI IN CORSO\METALTRONICA\22-315-0\22-315-0.SMT:
---------------------------------------------------------
D10:  0.1060 x 0.1180 RECTANGLE -----       2 Flashes
D11:  0.0501 x 0.0404 RECTANGLE -----      24 Flashes
D12:  0.0404 x 0.0501 RECTANGLE -----       4 Flashes
D13:  0.1260 x 0.0630 RECTANGLE -----       2 Flashes
D14:  0.0400 x 0.0710 RECTANGLE -----       4 Flashes
D15:  0.0886 x 0.0905 RECTANGLE -----      12 Flashes
D16:  0.0905 x 0.0886 RECTANGLE -----       2 Flashes
D17:  0.0380 x 0.0320 RECTANGLE -----      10 Flashes
D18:  0.0320 x 0.0380 RECTANGLE -----       4 Flashes
D19:  0.0370 SQUARE --       0 Draws,       4 Flashes
D20:  0.0430 x 0.0650 RECTANGLE -----       4 Flashes
D21:  0.0850 x 0.1080 RECTANGLE -----       2 Flashes
D22:  0.0472 SQUARE --       0 Draws,       2 Flashes
D23:  0.2756 ROUND  --       0 Draws,       1 Flashes
D25:  0.0905 x 0.1220 RECTANGLE -----       2 Flashes
D26:  0.0590 ROUND  --       0 Draws,      11 Flashes
D27:  0.0630 SQUARE --       0 Draws,       6 Flashes
D28:  0.0787 ROUND  --       0 Draws,       5 Flashes
D29:  0.0787 SQUARE --       0 Draws,       1 Flashes
D30:  0.0630 ROUND  --       0 Draws,       3 Flashes
D31:  0.0236 x 0.0413 RECTANGLE -----       4 Flashes
D33:  0.0787 x 0.0472 RECTANGLE -----       4 Flashes
D35:  0.0680 x 0.1580 RECTANGLE -----       1 Flashes
D36:  0.0680 x 0.0550 RECTANGLE -----       3 Flashes
D37:  0.0710 x 0.0400 RECTANGLE -----       4 Flashes
D38:  0.0630 x 0.0866 RECTANGLE -----       2 Flashes
D39:  0.1080 x 0.0850 RECTANGLE -----       4 Flashes
D40:  0.0256 x 0.0650 OBLONG    -----       8 Flashes
D41:  0.0950 x 0.1220 RECTANGLE -----       1 Flashes
D42:  0.0750 x 0.0240 RECTANGLE -----       8 Flashes
D43:  0.1181 x 0.1701 RECTANGLE -----       1 Flashes
D44:  0.0649 x 0.0177 RECTANGLE -----      24 Flashes
D45:  0.1580 x 0.0680 RECTANGLE -----       2 Flashes
D46:  0.0550 x 0.0680 RECTANGLE -----       6 Flashes
D47:  0.0800 ROUND  --       0 Draws,       3 Flashes
D48:  0.0354 x 0.0165 RECTANGLE -----       8 Flashes
D49:  0.0110 x 0.0700 OBLONG    -----      28 Flashes
D50:  0.0110 x 0.0700 RECTANGLE -----       4 Flashes
D51:  0.0700 x 0.0110 OBLONG    -----      29 Flashes
D52:  0.0700 x 0.0110 RECTANGLE -----       3 Flashes
D53:  0.0354 x 0.0512 RECTANGLE -----       4 Flashes
D54:  0.0394 x 0.0197 RECTANGLE -----       2 Flashes
D55:  0.0050 ROUND  --     370 Draws,       0 Flashes
D56:  0.0100 ROUND  --     291 Draws,       0 Flashes
---------------------------------------------------------
 44 D-Codes      -----     661 Draws,     258 Flashes

*********************************************************

Output file: D:\UTENTI\00.LAVORI IN CORSO\METALTRONICA\22-315-0\22-315-0.SMB

Aperture totals for D:\UTENTI\00.LAVORI IN CORSO\METALTRONICA\22-315-0\22-315-0.SMB:
---------------------------------------------------------
D11:  0.0501 x 0.0404 RECTANGLE -----       6 Flashes
D17:  0.0380 x 0.0320 RECTANGLE -----     132 Flashes
D23:  0.2756 ROUND  --       0 Draws,       1 Flashes
D26:  0.0590 ROUND  --       0 Draws,      11 Flashes
D27:  0.0630 SQUARE --       0 Draws,       6 Flashes
D28:  0.0787 ROUND  --       0 Draws,       5 Flashes
D29:  0.0787 SQUARE --       0 Draws,       1 Flashes
D30:  0.0630 ROUND  --       0 Draws,       3 Flashes
D37:  0.0710 x 0.0400 RECTANGLE -----       2 Flashes
D47:  0.0800 ROUND  --       0 Draws,       3 Flashes
D56:  0.0100 ROUND  --     362 Draws,       0 Flashes
D65:  0.0060 ROUND  --      44 Draws,       0 Flashes
D66:  0.1024 x 0.0510 RECTANGLE -----       2 Flashes
D67:  0.0197 x 0.0315 RECTANGLE -----       4 Flashes
D68:  0.0500 x 0.0400 RECTANGLE -----       9 Flashes
D69:  0.0400 x 0.0500 RECTANGLE -----       9 Flashes
D70:  0.0500 x 0.0270 RECTANGLE -----       5 Flashes
---------------------------------------------------------
 17 D-Codes      -----     406 Draws,     199 Flashes

*********************************************************

Output file: D:\UTENTI\00.LAVORI IN CORSO\METALTRONICA\22-315-0\22-315-0.SPT

Aperture totals for D:\UTENTI\00.LAVORI IN CORSO\METALTRONICA\22-315-0\22-315-0.SPT:
---------------------------------------------------------
D10:  0.1060 x 0.1180 RECTANGLE -----       2 Flashes
D11:  0.0501 x 0.0404 RECTANGLE -----      24 Flashes
D12:  0.0404 x 0.0501 RECTANGLE -----       4 Flashes
D13:  0.1260 x 0.0630 RECTANGLE -----       2 Flashes
D14:  0.0400 x 0.0710 RECTANGLE -----       4 Flashes
D15:  0.0886 x 0.0905 RECTANGLE -----      12 Flashes
D16:  0.0905 x 0.0886 RECTANGLE -----       2 Flashes
D17:  0.0380 x 0.0320 RECTANGLE -----      10 Flashes
D18:  0.0320 x 0.0380 RECTANGLE -----       4 Flashes
D19:  0.0370 SQUARE --       0 Draws,       4 Flashes
D20:  0.0430 x 0.0650 RECTANGLE -----       4 Flashes
D21:  0.0850 x 0.1080 RECTANGLE -----       2 Flashes
D25:  0.0905 x 0.1220 RECTANGLE -----       2 Flashes
D31:  0.0236 x 0.0413 RECTANGLE -----       4 Flashes
D33:  0.0787 x 0.0472 RECTANGLE -----       4 Flashes
D35:  0.0680 x 0.1580 RECTANGLE -----       1 Flashes
D36:  0.0680 x 0.0550 RECTANGLE -----       3 Flashes
D37:  0.0710 x 0.0400 RECTANGLE -----       4 Flashes
D38:  0.0630 x 0.0866 RECTANGLE -----       2 Flashes
D39:  0.1080 x 0.0850 RECTANGLE -----       4 Flashes
D40:  0.0256 x 0.0650 OBLONG    -----       8 Flashes
D41:  0.0950 x 0.1220 RECTANGLE -----       1 Flashes
D42:  0.0750 x 0.0240 RECTANGLE -----       8 Flashes
D44:  0.0649 x 0.0177 RECTANGLE -----      24 Flashes
D45:  0.1580 x 0.0680 RECTANGLE -----       2 Flashes
D46:  0.0550 x 0.0680 RECTANGLE -----       6 Flashes
D48:  0.0354 x 0.0165 RECTANGLE -----       8 Flashes
D49:  0.0110 x 0.0700 OBLONG    -----      28 Flashes
D50:  0.0110 x 0.0700 RECTANGLE -----       4 Flashes
D51:  0.0700 x 0.0110 OBLONG    -----      29 Flashes
D52:  0.0700 x 0.0110 RECTANGLE -----       3 Flashes
D53:  0.0354 x 0.0512 RECTANGLE -----       4 Flashes
D54:  0.0394 x 0.0197 RECTANGLE -----       2 Flashes
D55:  0.0050 ROUND  --     370 Draws,       0 Flashes
D56:  0.0100 ROUND  --      60 Draws,       0 Flashes
D87:  0.0433 SQUARE --       0 Draws,       2 Flashes
---------------------------------------------------------
 36 D-Codes      -----     430 Draws,     227 Flashes

*********************************************************

Output file: D:\UTENTI\00.LAVORI IN CORSO\METALTRONICA\22-315-0\22-315-0.SPB

Aperture totals for D:\UTENTI\00.LAVORI IN CORSO\METALTRONICA\22-315-0\22-315-0.SPB:
---------------------------------------------------------
D11:  0.0501 x 0.0404 RECTANGLE -----       6 Flashes
D17:  0.0380 x 0.0320 RECTANGLE -----     132 Flashes
D37:  0.0710 x 0.0400 RECTANGLE -----       2 Flashes
D66:  0.1024 x 0.0510 RECTANGLE -----       2 Flashes
D67:  0.0197 x 0.0315 RECTANGLE -----       4 Flashes
D68:  0.0500 x 0.0400 RECTANGLE -----       9 Flashes
D69:  0.0400 x 0.0500 RECTANGLE -----       9 Flashes
D70:  0.0500 x 0.0270 RECTANGLE -----       5 Flashes
---------------------------------------------------------
  8 D-Codes      -----       0 Draws,     169 Flashes

*********************************************************

Output file: D:\UTENTI\00.LAVORI IN CORSO\METALTRONICA\22-315-0\22-315-0.SST

Aperture totals for D:\UTENTI\00.LAVORI IN CORSO\METALTRONICA\22-315-0\22-315-0.SST:
---------------------------------------------------------
D55:  0.0050 ROUND  --       4 Draws,       0 Flashes
D56:  0.0100 ROUND  --     155 Draws,       0 Flashes
D59:  0.0080 ROUND  --      53 Draws,       0 Flashes
D65:  0.0060 ROUND  --    2232 Draws,       0 Flashes
D88:  0.0079 ROUND  --     240 Draws,       0 Flashes
---------------------------------------------------------
  5 D-Codes      -----    2684 Draws,       0 Flashes

*********************************************************

Output file: D:\UTENTI\00.LAVORI IN CORSO\METALTRONICA\22-315-0\22-315-0.SSB

Aperture totals for D:\UTENTI\00.LAVORI IN CORSO\METALTRONICA\22-315-0\22-315-0.SSB:
---------------------------------------------------------
D65:  0.0060 ROUND  --    1809 Draws,       0 Flashes
---------------------------------------------------------
  1 D-Codes      -----    1809 Draws,       0 Flashes

*********************************************************

Output file: D:\UTENTI\00.LAVORI IN CORSO\METALTRONICA\22-315-0\22-315-0.DRD

Aperture totals for D:\UTENTI\00.LAVORI IN CORSO\METALTRONICA\22-315-0\22-315-0.DRD:
---------------------------------------------------------
D56:  0.0100 ROUND  --    2119 Draws,       0 Flashes
---------------------------------------------------------
  1 D-Codes      -----    2119 Draws,       0 Flashes


*********************************************************

Aperture totals for entire project:
---------------------------------------------------------
D10:  0.1060 x 0.1180 RECTANGLE -----       6 Flashes
D11:  0.0501 x 0.0404 RECTANGLE -----      90 Flashes
D12:  0.0404 x 0.0501 RECTANGLE -----      12 Flashes
D13:  0.1260 x 0.0630 RECTANGLE -----       6 Flashes
D14:  0.0400 x 0.0710 RECTANGLE -----      12 Flashes
D15:  0.0886 x 0.0905 RECTANGLE -----      36 Flashes
D16:  0.0905 x 0.0886 RECTANGLE -----       6 Flashes
D17:  0.0380 x 0.0320 RECTANGLE -----     426 Flashes
D18:  0.0320 x 0.0380 RECTANGLE -----      12 Flashes
D19:  0.0370 SQUARE --       0 Draws,      12 Flashes
D20:  0.0430 x 0.0650 RECTANGLE -----      12 Flashes
D21:  0.0850 x 0.1080 RECTANGLE -----       6 Flashes
D22:  0.0472 SQUARE --       0 Draws,       4 Flashes
D23:  0.2756 ROUND  --       0 Draws,       4 Flashes
D24:  0.1378 ROUND  --       0 Draws,      10 Flashes
D25:  0.0905 x 0.1220 RECTANGLE -----       6 Flashes
D26:  0.0590 ROUND  --       0 Draws,      55 Flashes
D27:  0.0630 SQUARE --       0 Draws,      30 Flashes
D28:  0.0787 ROUND  --       0 Draws,      25 Flashes
D29:  0.0787 SQUARE --       0 Draws,       5 Flashes
D30:  0.0630 ROUND  --       0 Draws,      15 Flashes
D31:  0.0236 x 0.0413 RECTANGLE -----      12 Flashes
D32:  0.0187 ROUND  --       0 Draws,       2 Flashes
D33:  0.0787 x 0.0472 RECTANGLE -----      12 Flashes
D34:  0.0276 ROUND  --       0 Draws,     137 Flashes
D35:  0.0680 x 0.1580 RECTANGLE -----       3 Flashes
D36:  0.0680 x 0.0550 RECTANGLE -----       9 Flashes
D37:  0.0710 x 0.0400 RECTANGLE -----      18 Flashes
D38:  0.0630 x 0.0866 RECTANGLE -----       6 Flashes
D39:  0.1080 x 0.0850 RECTANGLE -----      12 Flashes
D40:  0.0256 x 0.0650 OBLONG    -----      24 Flashes
D41:  0.0950 x 0.1220 RECTANGLE -----       3 Flashes
D42:  0.0750 x 0.0240 RECTANGLE -----      24 Flashes
D43:  0.1181 x 0.1701 RECTANGLE -----       2 Flashes
D44:  0.0649 x 0.0177 RECTANGLE -----      72 Flashes
D45:  0.1580 x 0.0680 RECTANGLE -----       6 Flashes
D46:  0.0550 x 0.0680 RECTANGLE -----      18 Flashes
D47:  0.0800 ROUND  --       0 Draws,      15 Flashes
D48:  0.0354 x 0.0165 RECTANGLE -----      24 Flashes
D49:  0.0110 x 0.0700 OBLONG    -----      84 Flashes
D50:  0.0110 x 0.0700 RECTANGLE -----      12 Flashes
D51:  0.0700 x 0.0110 OBLONG    -----      87 Flashes
D52:  0.0700 x 0.0110 RECTANGLE -----       9 Flashes
D53:  0.0354 x 0.0512 RECTANGLE -----      12 Flashes
D54:  0.0394 x 0.0197 RECTANGLE -----       6 Flashes
D55:  0.0050 ROUND  --     870 Draws,       0 Flashes
D56:  0.0100 ROUND  --   17068 Draws,       0 Flashes
D57:  0.0120 ROUND  --     107 Draws,       0 Flashes
D58:  0.0276 ROUND  --       0 Draws,     273 Flashes
D59:  0.0080 ROUND  --     825 Draws,       0 Flashes
D60:  0.0250 ROUND  --     179 Draws,       0 Flashes
D61:  0.0150 ROUND  --      54 Draws,       0 Flashes
D62:  0.0300 ROUND  --     100 Draws,       0 Flashes
D63:  0.0170 ROUND  --       3 Draws,       0 Flashes
D64:  0.0500 ROUND  --       5 Draws,       0 Flashes
D65:  0.0060 ROUND  --    4242 Draws,       0 Flashes
D66:  0.1024 x 0.0510 RECTANGLE -----       6 Flashes
D67:  0.0197 x 0.0315 RECTANGLE -----      12 Flashes
D68:  0.0500 x 0.0400 RECTANGLE -----      27 Flashes
D69:  0.0400 x 0.0500 RECTANGLE -----      27 Flashes
D70:  0.0500 x 0.0270 RECTANGLE -----      15 Flashes
D71:  0.0276 ROUND  --       0 Draws,     152 Flashes
D72:  0.1575 ROUND  --       0 Draws,       4 Flashes
D73:  0.0708 ROUND  --       0 Draws,       4 Flashes
D74:  0.0708 SQUARE --       0 Draws,       2 Flashes
D75:  0.1134 OD, 0.0894 ID THERMAL --       1 Flashes
D76:  0.0708 ROUND  --       0 Draws,       9 Flashes
D77:  0.0708 SQUARE --       0 Draws,       4 Flashes
D78:  0.1027 ROUND  --       0 Draws,       4 Flashes
D79:  0.1173 OD, 0.0933 ID THERMAL --       1 Flashes
D80:  0.0984 SQUARE --       0 Draws,       1 Flashes
D81:  0.1100 ROUND  --       0 Draws,       1 Flashes
D82:  0.1173 OD, 0.0933 ID THERMAL --       1 Flashes
D83:  0.1100 ROUND  --       0 Draws,       1 Flashes
D84:  0.0050 ROUND  --       0 Draws,      53 Flashes
D85:  0.0276 ROUND  --       0 Draws,      92 Flashes
D86:  0.0050 ROUND  --       0 Draws,      23 Flashes
D87:  0.0433 SQUARE --       0 Draws,       2 Flashes
D88:  0.0079 ROUND  --     240 Draws,       0 Flashes
---------------------------------------------------------
 79 D-Codes      -----   23693 Draws,    2114 Flashes


No warnings or errors.
